#
# A fatal error has been detected by the Java Runtime Environment:
#
#  SIGBUS (0x7) at pc=0x00007fc1f0b17e70, pid=15646, tid=0x00007fc1a281c700
#
# JRE version: OpenJDK Runtime Environment (8.0_402-b06) (build 1.8.0_402-8u402-ga-2ubuntu1~20.04-b06)
# Java VM: OpenJDK 64-Bit Server VM (25.402-b06 mixed mode linux-amd64 compressed oops)
# Problematic frame:
# C  [libzip.so+0x5e70]
#
# Failed to write core dump. Core dumps have been disabled. To enable core dumping, try "ulimit -c unlimited" before starting Java again
#
# If you would like to submit a bug report, please visit:
#   http://bugreport.java.com/bugreport/crash.jsp
# The crash happened outside the Java Virtual Machine in native code.
# See problematic frame for where to report the bug.
#

---------------  T H R E A D  ---------------

Current thread (0x00007fc1ee7fe800):  JavaThread "fork-1-event-thread" daemon [_thread_in_native, id=16070, stack(0x00007fc1a271c000,0x00007fc1a281d000)]

siginfo: si_signo: 7 (SIGBUS), si_code: 2 (BUS_ADRERR), si_addr: 0x00007fc1a33f5061

Registers:
RAX=0x00007fc19c05edc0, RBX=0x00007fc1ee2ca0b0, RCX=0x00007fc1a8004c46, RDX=0x0000000000000001
RSP=0x00007fc1a28194e0, RBP=0x00007fc1a2819550, RSI=0x00007fc19c05f890, RDI=0x0000000000000048
R8 =0x00007fc19c05edc0, R9 =0x0000000000000057, R10=0x00007fc1dd135558, R11=0x00000000ee329c00
R12=0x0000000000004041, R13=0x0000000020e5a155, R14=0x00007fc1a33f5041, R15=0x00007fc19c05edc0
RIP=0x00007fc1f0b17e70, EFLAGS=0x0000000000010206, CSGSFS=0x002b000000000033, ERR=0x0000000000000004
  TRAPNO=0x000000000000000e

Top of Stack: (sp=0x00007fc1a28194e0)
0x00007fc1a28194e0:   0000000000000000 00007fc1f1e51fe6
0x00007fc1a28194f0:   00007fc1dc8043d8 00007fc1ee7fe800
0x00007fc1a2819500:   0000000200000051 00000000ee322500
0x00007fc1a2819510:   00000000c29b9848 00007fc1f190e829
0x00007fc1a2819520:   0000000000000001 00007fc1edaab290
0x00007fc1a2819530:   0000000000000057 0000000020e5a155
0x00007fc1a2819540:   00007fc1a800ca70 00007fc1ee2ca0b0
0x00007fc1a2819550:   00007fc1a28195a0 00007fc1f0b18b0e
0x00007fc1a2819560:   0000005701819549 00007fc1a28195c0
0x00007fc1a2819570:   0303030300000000 0000000000000001
0x00007fc1a2819580:   0000000000000057 00007fc1a28195c0
0x00007fc1a2819590:   00007fc1ee2ca0b0 00007fc1ee7fea60
0x00007fc1a28195a0:   00007fc1a2819a00 00007fc1f0b169eb
0x00007fc1a28195b0:   00007fc1a2819740 00007fc1a2819a18
0x00007fc1a28195c0:   636170612f67726f 6e6576616d2f6568
0x00007fc1a28195d0:   2f6e6967756c702f 6572696665727573
0x00007fc1a28195e0:   637265746f6f622f 756f2f746e65696c
0x00007fc1a28195f0:   506e492f74757074 6f72506e6967756c
0x00007fc1a2819600:   706d754473736563 6f74656c676e6953
0x00007fc1a2819610:   007373616c632e6e 00007fc1dc783900
0x00007fc1a2819620:   00000000a2819d50 00007fc10000000d
0x00007fc1a2819630:   00007fc1a2819500 0000003000000020
0x00007fc1a2819640:   00007fc1a2819750 00007fc1a2819660
0x00007fc1a2819650:   00000000c29b0d10 9e5eef5f3ceda000
0x00007fc1a2819660:   00007fc100000000 00007fc1f1e735f3
0x00007fc1a2819670:   00007fc1a800ee20 00007fc1a8000080
0x00007fc1a2819680:   0000000000000007 00007fc1a8004c4c
0x00007fc1a2819690:   000000000000006b 00007fc100000008
0x00007fc1a28196a0:   00007fc1a8004c70 00000000000000a0
0x00007fc1a28196b0:   0000000000000002 0000003200000008
0x00007fc1a28196c0:   000000000000006a 000000000000006a
0x00007fc1a28196d0:   00007fc1a2819740 00007fc1f16ede44 

Instructions: (pc=0x00007fc1f0b17e70)
0x00007fc1f0b17e50:   8b 73 48 48 8b 7b 10 b9 a0 00 00 00 4c 89 e2 e8
0x00007fc1f0b17e60:   bc fe ff ff 49 89 c6 4d 85 f6 0f 84 60 03 00 00
0x00007fc1f0b17e70:   41 0f b7 46 20 45 0f b7 6e 1c 48 c7 45 c8 00 00
0x00007fc1f0b17e80:   00 00 45 0f b7 66 1e 66 89 45 b4 44 89 e9 89 45 

Register to memory mapping:

RAX=0x00007fc19c05edc0 is an unknown value
RBX=0x00007fc1ee2ca0b0 is an unknown value
RCX=0x00007fc1a8004c46 is an unknown value
RDX=0x0000000000000001 is an unknown value
RSP=0x00007fc1a28194e0 is pointing into the stack for thread: 0x00007fc1ee7fe800
RBP=0x00007fc1a2819550 is pointing into the stack for thread: 0x00007fc1ee7fe800
RSI=0x00007fc19c05f890 is an unknown value
RDI=0x0000000000000048 is an unknown value
R8 =0x00007fc19c05edc0 is an unknown value
R9 =0x0000000000000057 is an unknown value
R10=0x00007fc1dd135558 is at entry_point+88 in (nmethod*)0x00007fc1dd135390
R11=0x00000000ee329c00 is an oop
